2013/10/23 21:28:57 [error] [exception.CHttpException.400] exception 'CHttpException' with message 'Your request is invalid.' in D:\xampp\yii\framework\web\CController.php:1118
Stack trace:
#0 D:\xampp\yii\framework\web\filters\CInlineFilter.php(58): CController->filterPostOnly(Object(CFilterChain))
#1 D:\xampp\yii\framework\web\filters\CFilterChain.php(130): CInlineFilter->filter(Object(CFilterChain))
#2 D:\xampp\yii\framework\web\filters\CFilter.php(40): CFilterChain->run()
#3 D:\xampp\yii\framework\web\CController.php(1145): CFilter->filter(Object(CFilterChain))
#4 D:\xampp\yii\framework\web\filters\CInlineFilter.php(58): CController->filterAccessControl(Object(CFilterChain))
#5 D:\xampp\yii\framework\web\filters\CFilterChain.php(130): CInlineFilter->filter(Object(CFilterChain))
#6 D:\xampp\yii\framework\web\CController.php(291): CFilterChain->run()
#7 D:\xampp\yii\framework\web\CController.php(265): CController->runActionWithFilters(Object(CInlineAction), Array)
#8 D:\xampp\yii\framework\web\CWebApplication.php(282): CController->run('delete')
#9 D:\xampp\yii\framework\web\CWebApplication.php(141): CWebApplication->runController('image/delete')
#10 D:\xampp\yii\framework\base\CApplication.php(180): CWebApplication->processRequest()
#11 D:\xampp\htdocs\occ\index.php(13): CApplication->run()
#12 {main}
REQUEST_URI=/occ/index.php?r=image/delete&id=3
HTTP_REFERER=http://localhost/occ/index.php?r=product/update&id=1
---
2013/10/23 21:29:06 [error] [exception.CHttpException.400] exception 'CHttpException' with message 'Your request is invalid.' in D:\xampp\yii\framework\web\CController.php:1118
Stack trace:
#0 D:\xampp\yii\framework\web\filters\CInlineFilter.php(58): CController->filterPostOnly(Object(CFilterChain))
#1 D:\xampp\yii\framework\web\filters\CFilterChain.php(130): CInlineFilter->filter(Object(CFilterChain))
#2 D:\xampp\yii\framework\web\filters\CFilter.php(40): CFilterChain->run()
#3 D:\xampp\yii\framework\web\CController.php(1145): CFilter->filter(Object(CFilterChain))
#4 D:\xampp\yii\framework\web\filters\CInlineFilter.php(58): CController->filterAccessControl(Object(CFilterChain))
#5 D:\xampp\yii\framework\web\filters\CFilterChain.php(130): CInlineFilter->filter(Object(CFilterChain))
#6 D:\xampp\yii\framework\web\CController.php(291): CFilterChain->run()
#7 D:\xampp\yii\framework\web\CController.php(265): CController->runActionWithFilters(Object(CInlineAction), Array)
#8 D:\xampp\yii\framework\web\CWebApplication.php(282): CController->run('delete')
#9 D:\xampp\yii\framework\web\CWebApplication.php(141): CWebApplication->runController('image/delete')
#10 D:\xampp\yii\framework\base\CApplication.php(180): CWebApplication->processRequest()
#11 D:\xampp\htdocs\occ\index.php(13): CApplication->run()
#12 {main}
REQUEST_URI=/occ/index.php?r=image/delete&id=3
HTTP_REFERER=http://localhost/occ/index.php?r=product/update&id=1
---
2013/10/23 21:35:32 [error] [exception.CHttpException.404] exception 'CHttpException' with message 'The system is unable to find the requested action "deleteImage?1".' in D:\xampp\yii\framework\web\CController.php:483
Stack trace:
#0 D:\xampp\yii\framework\web\CController.php(270): CController->missingAction('deleteImage?1')
#1 D:\xampp\yii\framework\web\CWebApplication.php(282): CController->run('deleteImage?1')
#2 D:\xampp\yii\framework\web\CWebApplication.php(141): CWebApplication->runController('product/deleteI...')
#3 D:\xampp\yii\framework\base\CApplication.php(180): CWebApplication->processRequest()
#4 D:\xampp\htdocs\occ\index.php(13): CApplication->run()
#5 {main}
REQUEST_URI=/occ/index.php?r=product/deleteImage?1
---
2013/10/23 21:35:44 [error] [exception.CHttpException.403] exception 'CHttpException' with message 'You are not authorized to perform this action.' in D:\xampp\yii\framework\web\auth\CAccessControlFilter.php:182
Stack trace:
#0 D:\xampp\yii\framework\web\auth\CAccessControlFilter.php(145): CAccessControlFilter->accessDenied(Object(CWebUser), 'You are not aut...')
#1 D:\xampp\yii\framework\web\filters\CFilter.php(38): CAccessControlFilter->preFilter(Object(CFilterChain))
#2 D:\xampp\yii\framework\web\CController.php(1145): CFilter->filter(Object(CFilterChain))
#3 D:\xampp\yii\framework\web\filters\CInlineFilter.php(58): CController->filterAccessControl(Object(CFilterChain))
#4 D:\xampp\yii\framework\web\filters\CFilterChain.php(130): CInlineFilter->filter(Object(CFilterChain))
#5 D:\xampp\yii\framework\web\CController.php(291): CFilterChain->run()
#6 D:\xampp\yii\framework\web\CController.php(265): CController->runActionWithFilters(Object(CInlineAction), Array)
#7 D:\xampp\yii\framework\web\CWebApplication.php(282): CController->run('deleteImage')
#8 D:\xampp\yii\framework\web\CWebApplication.php(141): CWebApplication->runController('product/deleteI...')
#9 D:\xampp\yii\framework\base\CApplication.php(180): CWebApplication->processRequest()
#10 D:\xampp\htdocs\occ\index.php(13): CApplication->run()
#11 {main}
REQUEST_URI=/occ/index.php?r=product/deleteImage&id=1
---
2013/10/23 21:44:59 [error] [exception.CHttpException.404] exception 'CHttpException' with message 'The system is unable to find the requested action "deleteImage$id=1".' in D:\xampp\yii\framework\web\CController.php:483
Stack trace:
#0 D:\xampp\yii\framework\web\CController.php(270): CController->missingAction('deleteImage$id=...')
#1 D:\xampp\yii\framework\web\CWebApplication.php(282): CController->run('deleteImage$id=...')
#2 D:\xampp\yii\framework\web\CWebApplication.php(141): CWebApplication->runController('product/deleteI...')
#3 D:\xampp\yii\framework\base\CApplication.php(180): CWebApplication->processRequest()
#4 D:\xampp\htdocs\occ\index.php(13): CApplication->run()
#5 {main}
REQUEST_URI=/occ/index.php?r=product/deleteImage$id=1
---
2013/10/23 21:45:04 [error] [exception.CHttpException.404] exception 'CHttpException' with message 'The system is unable to find the requested action "deleteImage$".' in D:\xampp\yii\framework\web\CController.php:483
Stack trace:
#0 D:\xampp\yii\framework\web\CController.php(270): CController->missingAction('deleteImage$')
#1 D:\xampp\yii\framework\web\CWebApplication.php(282): CController->run('deleteImage$')
#2 D:\xampp\yii\framework\web\CWebApplication.php(141): CWebApplication->runController('product/deleteI...')
#3 D:\xampp\yii\framework\base\CApplication.php(180): CWebApplication->processRequest()
#4 D:\xampp\htdocs\occ\index.php(13): CApplication->run()
#5 {main}
REQUEST_URI=/occ/index.php?r=product/deleteImage$&d=1
---
2013/10/23 21:45:47 [error] [exception.CHttpException.400] exception 'CHttpException' with message 'Your request is invalid.' in D:\xampp\yii\framework\web\CController.php:336
Stack trace:
#0 D:\xampp\yii\framework\web\CController.php(309): CController->invalidActionParams(Object(CInlineAction))
#1 D:\xampp\yii\framework\web\filters\CFilterChain.php(133): CController->runAction(Object(CInlineAction))
#2 D:\xampp\yii\framework\web\filters\CFilter.php(40): CFilterChain->run()
#3 D:\xampp\yii\framework\web\CController.php(1145): CFilter->filter(Object(CFilterChain))
#4 D:\xampp\yii\framework\web\filters\CInlineFilter.php(58): CController->filterAccessControl(Object(CFilterChain))
#5 D:\xampp\yii\framework\web\filters\CFilterChain.php(130): CInlineFilter->filter(Object(CFilterChain))
#6 D:\xampp\yii\framework\web\CController.php(291): CFilterChain->run()
#7 D:\xampp\yii\framework\web\CController.php(265): CController->runActionWithFilters(Object(CInlineAction), Array)
#8 D:\xampp\yii\framework\web\CWebApplication.php(282): CController->run('deleteImage')
#9 D:\xampp\yii\framework\web\CWebApplication.php(141): CWebApplication->runController('product/deleteI...')
#10 D:\xampp\yii\framework\base\CApplication.php(180): CWebApplication->processRequest()
#11 D:\xampp\htdocs\occ\index.php(13): CApplication->run()
#12 {main}
REQUEST_URI=/occ/index.php?r=product/deleteImage
HTTP_REFERER=http://localhost/occ/index.php?r=product/update&id=1
---
2013/10/23 21:46:20 [error] [exception.CHttpException.400] exception 'CHttpException' with message 'Your request is invalid.' in D:\xampp\yii\framework\web\CController.php:336
Stack trace:
#0 D:\xampp\yii\framework\web\CController.php(309): CController->invalidActionParams(Object(CInlineAction))
#1 D:\xampp\yii\framework\web\filters\CFilterChain.php(133): CController->runAction(Object(CInlineAction))
#2 D:\xampp\yii\framework\web\filters\CFilter.php(40): CFilterChain->run()
#3 D:\xampp\yii\framework\web\CController.php(1145): CFilter->filter(Object(CFilterChain))
#4 D:\xampp\yii\framework\web\filters\CInlineFilter.php(58): CController->filterAccessControl(Object(CFilterChain))
#5 D:\xampp\yii\framework\web\filters\CFilterChain.php(130): CInlineFilter->filter(Object(CFilterChain))
#6 D:\xampp\yii\framework\web\CController.php(291): CFilterChain->run()
#7 D:\xampp\yii\framework\web\CController.php(265): CController->runActionWithFilters(Object(CInlineAction), Array)
#8 D:\xampp\yii\framework\web\CWebApplication.php(282): CController->run('deleteImage')
#9 D:\xampp\yii\framework\web\CWebApplication.php(141): CWebApplication->runController('product/deleteI...')
#10 D:\xampp\yii\framework\base\CApplication.php(180): CWebApplication->processRequest()
#11 D:\xampp\htdocs\occ\index.php(13): CApplication->run()
#12 {main}
REQUEST_URI=/occ/index.php?r=product/deleteImage
---
2013/10/27 06:46:18 [error] [php] Undefined variable: k (E:\Study\xampp\htdocs\occ\protected\views\product\index.php:10)
Stack trace:
#0 E:\Study\xampp\yii\framework\web\CController.php(869): ProductController->renderFile()
#1 E:\Study\xampp\yii\framework\web\CController.php(782): ProductController->renderPartial()
#2 E:\Study\xampp\htdocs\occ\protected\controllers\ProductController.php(193): ProductController->render()
#3 E:\Study\xampp\yii\framework\web\actions\CInlineAction.php(49): ProductController->actionIndex()
#4 E:\Study\xampp\yii\framework\web\CController.php(308): CInlineAction->runWithParams()
#5 E:\Study\xampp\yii\framework\web\filters\CFilterChain.php(133): ProductController->runAction()
#6 E:\Study\xampp\yii\framework\web\filters\CFilter.php(40): CFilterChain->run()
#7 E:\Study\xampp\yii\framework\web\CController.php(1145): CAccessControlFilter->filter()
#8 E:\Study\xampp\yii\framework\web\filters\CInlineFilter.php(58): ProductController->filterAccessControl()
#9 E:\Study\xampp\yii\framework\web\filters\CFilterChain.php(130): CInlineFilter->filter()
#10 E:\Study\xampp\yii\framework\web\CController.php(291): CFilterChain->run()
#11 E:\Study\xampp\yii\framework\web\CController.php(265): ProductController->runActionWithFilters()
#12 E:\Study\xampp\yii\framework\web\CWebApplication.php(282): ProductController->run()
#13 E:\Study\xampp\yii\framework\web\CWebApplication.php(141): CWebApplication->runController()
#14 E:\Study\xampp\yii\framework\base\CApplication.php(180): CWebApplication->processRequest()
#15 E:\Study\xampp\htdocs\occ\index.php(13): CWebApplication->run()
REQUEST_URI=/occ/index.php?r=product/index&view=product
in E:\Study\xampp\htdocs\occ\protected\views\product\index.php (10)
in E:\Study\xampp\htdocs\occ\protected\controllers\ProductController.php (193)
in E:\Study\xampp\htdocs\occ\index.php (13)
2013/10/27 06:46:29 [error] [php] Undefined variable: k (E:\Study\xampp\htdocs\occ\protected\views\product\index.php:10)
Stack trace:
#0 E:\Study\xampp\yii\framework\web\CController.php(869): ProductController->renderFile()
#1 E:\Study\xampp\yii\framework\web\CController.php(782): ProductController->renderPartial()
#2 E:\Study\xampp\htdocs\occ\protected\controllers\ProductController.php(193): ProductController->render()
#3 E:\Study\xampp\yii\framework\web\actions\CInlineAction.php(49): ProductController->actionIndex()
#4 E:\Study\xampp\yii\framework\web\CController.php(308): CInlineAction->runWithParams()
#5 E:\Study\xampp\yii\framework\web\filters\CFilterChain.php(133): ProductController->runAction()
#6 E:\Study\xampp\yii\framework\web\filters\CFilter.php(40): CFilterChain->run()
#7 E:\Study\xampp\yii\framework\web\CController.php(1145): CAccessControlFilter->filter()
#8 E:\Study\xampp\yii\framework\web\filters\CInlineFilter.php(58): ProductController->filterAccessControl()
#9 E:\Study\xampp\yii\framework\web\filters\CFilterChain.php(130): CInlineFilter->filter()
#10 E:\Study\xampp\yii\framework\web\CController.php(291): CFilterChain->run()
#11 E:\Study\xampp\yii\framework\web\CController.php(265): ProductController->runActionWithFilters()
#12 E:\Study\xampp\yii\framework\web\CWebApplication.php(282): ProductController->run()
#13 E:\Study\xampp\yii\framework\web\CWebApplication.php(141): CWebApplication->runController()
#14 E:\Study\xampp\yii\framework\base\CApplication.php(180): CWebApplication->processRequest()
#15 E:\Study\xampp\htdocs\occ\index.php(13): CWebApplication->run()
REQUEST_URI=/occ/index.php?r=product/index&view=product
in E:\Study\xampp\htdocs\occ\protected\views\product\index.php (10)
in E:\Study\xampp\htdocs\occ\protected\controllers\ProductController.php (193)
in E:\Study\xampp\htdocs\occ\index.php (13)
2013/10/27 06:47:24 [error] [php] Undefined variable: k (E:\Study\xampp\htdocs\occ\protected\views\product\index.php:10)
Stack trace:
#0 E:\Study\xampp\yii\framework\web\CController.php(869): ProductController->renderFile()
#1 E:\Study\xampp\yii\framework\web\CController.php(782): ProductController->renderPartial()
#2 E:\Study\xampp\htdocs\occ\protected\controllers\ProductController.php(193): ProductController->render()
#3 E:\Study\xampp\yii\framework\web\actions\CInlineAction.php(49): ProductController->actionIndex()
#4 E:\Study\xampp\yii\framework\web\CController.php(308): CInlineAction->runWithParams()
#5 E:\Study\xampp\yii\framework\web\filters\CFilterChain.php(133): ProductController->runAction()
#6 E:\Study\xampp\yii\framework\web\filters\CFilter.php(40): CFilterChain->run()
#7 E:\Study\xampp\yii\framework\web\CController.php(1145): CAccessControlFilter->filter()
#8 E:\Study\xampp\yii\framework\web\filters\CInlineFilter.php(58): ProductController->filterAccessControl()
#9 E:\Study\xampp\yii\framework\web\filters\CFilterChain.php(130): CInlineFilter->filter()
#10 E:\Study\xampp\yii\framework\web\CController.php(291): CFilterChain->run()
#11 E:\Study\xampp\yii\framework\web\CController.php(265): ProductController->runActionWithFilters()
#12 E:\Study\xampp\yii\framework\web\CWebApplication.php(282): ProductController->run()
#13 E:\Study\xampp\yii\framework\web\CWebApplication.php(141): CWebApplication->runController()
#14 E:\Study\xampp\yii\framework\base\CApplication.php(180): CWebApplication->processRequest()
#15 E:\Study\xampp\htdocs\occ\index.php(13): CWebApplication->run()
REQUEST_URI=/occ/index.php?r=product/index
in E:\Study\xampp\htdocs\occ\protected\views\product\index.php (10)
in E:\Study\xampp\htdocs\occ\protected\controllers\ProductController.php (193)
in E:\Study\xampp\htdocs\occ\index.php (13)
2013/10/31 15:19:42 [error] [exception.CHttpException.404] exception 'CHttpException' with message 'Unable to resolve the request "admin".' in E:\Study\xampp\yii\framework\web\CWebApplication.php:286
Stack trace:
#0 E:\Study\xampp\yii\framework\web\CWebApplication.php(141): CWebApplication->runController('admin')
#1 E:\Study\xampp\yii\framework\base\CApplication.php(180): CWebApplication->processRequest()
#2 E:\Study\xampp\htdocs\occ\index.php(13): CApplication->run()
#3 {main}
REQUEST_URI=/occ/index.php?r=admin
---
2013/11/03 16:16:31 [error] [php] Undefined variable: imagesProduct (E:\Study\xampp\htdocs\occ\protected\controllers\ProductController.php:153)
Stack trace:
#0 E:\Study\xampp\yii\framework\web\actions\CInlineAction.php(47): CInlineAction->runWithParamsInternal()
#1 E:\Study\xampp\yii\framework\web\CController.php(308): CInlineAction->runWithParams()
#2 E:\Study\xampp\yii\framework\web\filters\CFilterChain.php(133): ProductController->runAction()
#3 E:\Study\xampp\yii\framework\web\filters\CFilter.php(40): CFilterChain->run()
#4 E:\Study\xampp\yii\framework\web\CController.php(1145): CAccessControlFilter->filter()
#5 E:\Study\xampp\yii\framework\web\filters\CInlineFilter.php(58): ProductController->filterAccessControl()
#6 E:\Study\xampp\yii\framework\web\filters\CFilterChain.php(130): CInlineFilter->filter()
#7 E:\Study\xampp\yii\framework\web\CController.php(291): CFilterChain->run()
#8 E:\Study\xampp\yii\framework\web\CController.php(265): ProductController->runActionWithFilters()
#9 E:\Study\xampp\yii\framework\web\CWebApplication.php(282): ProductController->run()
#10 E:\Study\xampp\yii\framework\web\CWebApplication.php(141): CWebApplication->runController()
#11 E:\Study\xampp\yii\framework\base\CApplication.php(180): CWebApplication->processRequest()
#12 E:\Study\xampp\htdocs\occ\index.php(13): CWebApplication->run()
REQUEST_URI=/occ/index.php?r=product/update&id=1
in E:\Study\xampp\htdocs\occ\protected\controllers\ProductController.php (153)
in E:\Study\xampp\htdocs\occ\index.php (13)
2013/11/03 16:18:42 [error] [php] Undefined variable: imagesProduct (E:\Study\xampp\htdocs\occ\protected\controllers\ProductController.php:153)
Stack trace:
#0 E:\Study\xampp\yii\framework\web\actions\CInlineAction.php(47): CInlineAction->runWithParamsInternal()
#1 E:\Study\xampp\yii\framework\web\CController.php(308): CInlineAction->runWithParams()
#2 E:\Study\xampp\yii\framework\web\filters\CFilterChain.php(133): ProductController->runAction()
#3 E:\Study\xampp\yii\framework\web\filters\CFilter.php(40): CFilterChain->run()
#4 E:\Study\xampp\yii\framework\web\CController.php(1145): CAccessControlFilter->filter()
#5 E:\Study\xampp\yii\framework\web\filters\CInlineFilter.php(58): ProductController->filterAccessControl()
#6 E:\Study\xampp\yii\framework\web\filters\CFilterChain.php(130): CInlineFilter->filter()
#7 E:\Study\xampp\yii\framework\web\CController.php(291): CFilterChain->run()
#8 E:\Study\xampp\yii\framework\web\CController.php(265): ProductController->runActionWithFilters()
#9 E:\Study\xampp\yii\framework\web\CWebApplication.php(282): ProductController->run()
#10 E:\Study\xampp\yii\framework\web\CWebApplication.php(141): CWebApplication->runController()
#11 E:\Study\xampp\yii\framework\base\CApplication.php(180): CWebApplication->processRequest()
#12 E:\Study\xampp\htdocs\occ\index.php(13): CWebApplication->run()
REQUEST_URI=/occ/index.php?r=product/update&id=1
in E:\Study\xampp\htdocs\occ\protected\controllers\ProductController.php (153)
in E:\Study\xampp\htdocs\occ\index.php (13)
2013/11/03 16:31:45 [error] [php] Undefined variable: imagesProduct (E:\Study\xampp\htdocs\occ\protected\controllers\ProductController.php:154)
Stack trace:
#0 E:\Study\xampp\yii\framework\web\actions\CInlineAction.php(47): CInlineAction->runWithParamsInternal()
#1 E:\Study\xampp\yii\framework\web\CController.php(308): CInlineAction->runWithParams()
#2 E:\Study\xampp\yii\framework\web\filters\CFilterChain.php(133): ProductController->runAction()
#3 E:\Study\xampp\yii\framework\web\filters\CFilter.php(40): CFilterChain->run()
#4 E:\Study\xampp\yii\framework\web\CController.php(1145): CAccessControlFilter->filter()
#5 E:\Study\xampp\yii\framework\web\filters\CInlineFilter.php(58): ProductController->filterAccessControl()
#6 E:\Study\xampp\yii\framework\web\filters\CFilterChain.php(130): CInlineFilter->filter()
#7 E:\Study\xampp\yii\framework\web\CController.php(291): CFilterChain->run()
#8 E:\Study\xampp\yii\framework\web\CController.php(265): ProductController->runActionWithFilters()
#9 E:\Study\xampp\yii\framework\web\CWebApplication.php(282): ProductController->run()
#10 E:\Study\xampp\yii\framework\web\CWebApplication.php(141): CWebApplication->runController()
#11 E:\Study\xampp\yii\framework\base\CApplication.php(180): CWebApplication->processRequest()
#12 E:\Study\xampp\htdocs\occ\index.php(13): CWebApplication->run()
REQUEST_URI=/occ/index.php?r=product/update&id=1
in E:\Study\xampp\htdocs\occ\protected\controllers\ProductController.php (154)
in E:\Study\xampp\htdocs\occ\index.php (13)
2013/11/03 16:35:27 [error] [php] Undefined variable: imagesProduct (E:\Study\xampp\htdocs\occ\protected\controllers\ProductController.php:100)
Stack trace:
#0 E:\Study\xampp\yii\framework\web\filters\CFilterChain.php(133): ProductController->runAction()
#1 E:\Study\xampp\yii\framework\web\filters\CFilter.php(40): CFilterChain->run()
#2 E:\Study\xampp\yii\framework\web\CController.php(1145): CAccessControlFilter->filter()
#3 E:\Study\xampp\yii\framework\web\filters\CInlineFilter.php(58): ProductController->filterAccessControl()
#4 E:\Study\xampp\yii\framework\web\filters\CFilterChain.php(130): CInlineFilter->filter()
#5 E:\Study\xampp\yii\framework\web\CController.php(291): CFilterChain->run()
#6 E:\Study\xampp\yii\framework\web\CController.php(265): ProductController->runActionWithFilters()
#7 E:\Study\xampp\yii\framework\web\CWebApplication.php(282): ProductController->run()
#8 E:\Study\xampp\yii\framework\web\CWebApplication.php(141): CWebApplication->runController()
#9 E:\Study\xampp\yii\framework\base\CApplication.php(180): CWebApplication->processRequest()
#10 E:\Study\xampp\htdocs\occ\index.php(13): CWebApplication->run()
REQUEST_URI=/occ/index.php?r=product/create
in E:\Study\xampp\htdocs\occ\protected\controllers\ProductController.php (100)
in E:\Study\xampp\htdocs\occ\index.php (13)
2013/11/03 16:36:54 [error] [exception.CHttpException.400] exception 'CHttpException' with message 'Your request is invalid.' in E:\Study\xampp\yii\framework\web\CController.php:336
Stack trace:
#0 E:\Study\xampp\yii\framework\web\CController.php(309): CController->invalidActionParams(Object(CInlineAction))
#1 E:\Study\xampp\yii\framework\web\filters\CFilterChain.php(133): CController->runAction(Object(CInlineAction))
#2 E:\Study\xampp\yii\framework\web\filters\CFilter.php(40): CFilterChain->run()
#3 E:\Study\xampp\yii\framework\web\CController.php(1145): CFilter->filter(Object(CFilterChain))
#4 E:\Study\xampp\yii\framework\web\filters\CInlineFilter.php(58): CController->filterAccessControl(Object(CFilterChain))
#5 E:\Study\xampp\yii\framework\web\filters\CFilterChain.php(130): CInlineFilter->filter(Object(CFilterChain))
#6 E:\Study\xampp\yii\framework\web\CController.php(291): CFilterChain->run()
#7 E:\Study\xampp\yii\framework\web\CController.php(265): CController->runActionWithFilters(Object(CInlineAction), Array)
#8 E:\Study\xampp\yii\framework\web\CWebApplication.php(282): CController->run('view')
#9 E:\Study\xampp\yii\framework\web\CWebApplication.php(141): CWebApplication->runController('product/view')
#10 E:\Study\xampp\yii\framework\base\CApplication.php(180): CWebApplication->processRequest()
#11 E:\Study\xampp\htdocs\occ\index.php(13): CApplication->run()
#12 {main}
REQUEST_URI=/occ/index.php?r=product/view
---
2013/11/04 16:56:38 [error] [php] Undefined variable: model (E:\Study\xampp\yii\framework\base\CComponent.php(612) : eval()'d code:1)
Stack trace:
#0 E:\Study\xampp\yii\framework\zii\widgets\grid\CGridColumn.php(151): CDataColumn->renderDataCellContent()
#1 E:\Study\xampp\yii\framework\zii\widgets\grid\CGridView.php(616): CDataColumn->renderDataCell()
#2 E:\Study\xampp\yii\framework\zii\widgets\grid\CGridView.php(572): CGridView->renderTableRow()
#3 E:\Study\xampp\yii\framework\zii\widgets\grid\CGridView.php(482): CGridView->renderTableBody()
#4 E:\Study\xampp\yii\framework\zii\widgets\CBaseListView.php(167): CGridView->renderItems()
#5 unknown(0): CGridView->renderSection()
#6 E:\Study\xampp\yii\framework\zii\widgets\CBaseListView.php(150): preg_replace_callback()
#7 E:\Study\xampp\yii\framework\zii\widgets\CBaseListView.php(135): CGridView->renderContent()
#8 E:\Study\xampp\yii\framework\web\CBaseController.php(173): CGridView->run()
#9 E:\Study\xampp\htdocs\occ\protected\views\image\admin.php(65): ImageController->widget()
#10 E:\Study\xampp\yii\framework\web\CBaseController.php(126): require()
#11 E:\Study\xampp\yii\framework\web\CBaseController.php(95): ImageController->renderInternal()
#12 E:\Study\xampp\yii\framework\web\CController.php(869): ImageController->renderFile()
#13 E:\Study\xampp\yii\framework\web\CController.php(782): ImageController->renderPartial()
#14 E:\Study\xampp\htdocs\occ\protected\controllers\ImageController.php(149): ImageController->render()
#15 E:\Study\xampp\yii\framework\web\actions\CInlineAction.php(49): ImageController->actionAdmin()
#16 E:\Study\xampp\yii\framework\web\CController.php(308): CInlineAction->runWithParams()
#17 E:\Study\xampp\yii\framework\web\filters\CFilterChain.php(133): ImageController->runAction()
#18 E:\Study\xampp\yii\framework\web\filters\CFilter.php(40): CFilterChain->run()
#19 E:\Study\xampp\yii\framework\web\CController.php(1145): CAccessControlFilter->filter()
#20 E:\Study\xampp\yii\framework\web\filters\CInlineFilter.php(58): ImageController->filterAccessControl()
#21 E:\Study\xampp\yii\framework\web\filters\CFilterChain.php(130): CInlineFilter->filter()
#22 E:\Study\xampp\yii\framework\web\CController.php(291): CFilterChain->run()
#23 E:\Study\xampp\yii\framework\web\CController.php(265): ImageController->runActionWithFilters()
#24 E:\Study\xampp\yii\framework\web\CWebApplication.php(282): ImageController->run()
#25 E:\Study\xampp\yii\framework\web\CWebApplication.php(141): CWebApplication->runController()
#26 E:\Study\xampp\yii\framework\base\CApplication.php(180): CWebApplication->processRequest()
#27 E:\Study\xampp\htdocs\occ\index.php(13): CWebApplication->run()
REQUEST_URI=/occ/index.php?r=image/admin
in E:\Study\xampp\htdocs\occ\protected\views\image\admin.php (65)
in E:\Study\xampp\htdocs\occ\protected\controllers\ImageController.php (149)
in E:\Study\xampp\htdocs\occ\index.php (13)
2013/11/04 16:56:41 [error] [php] Undefined variable: model (E:\Study\xampp\yii\framework\base\CComponent.php(612) : eval()'d code:1)
Stack trace:
#0 E:\Study\xampp\yii\framework\zii\widgets\grid\CGridColumn.php(151): CDataColumn->renderDataCellContent()
#1 E:\Study\xampp\yii\framework\zii\widgets\grid\CGridView.php(616): CDataColumn->renderDataCell()
#2 E:\Study\xampp\yii\framework\zii\widgets\grid\CGridView.php(572): CGridView->renderTableRow()
#3 E:\Study\xampp\yii\framework\zii\widgets\grid\CGridView.php(482): CGridView->renderTableBody()
#4 E:\Study\xampp\yii\framework\zii\widgets\CBaseListView.php(167): CGridView->renderItems()
#5 unknown(0): CGridView->renderSection()
#6 E:\Study\xampp\yii\framework\zii\widgets\CBaseListView.php(150): preg_replace_callback()
#7 E:\Study\xampp\yii\framework\zii\widgets\CBaseListView.php(135): CGridView->renderContent()
#8 E:\Study\xampp\yii\framework\web\CBaseController.php(173): CGridView->run()
#9 E:\Study\xampp\htdocs\occ\protected\views\image\admin.php(65): ImageController->widget()
#10 E:\Study\xampp\yii\framework\web\CBaseController.php(126): require()
#11 E:\Study\xampp\yii\framework\web\CBaseController.php(95): ImageController->renderInternal()
#12 E:\Study\xampp\yii\framework\web\CController.php(869): ImageController->renderFile()
#13 E:\Study\xampp\yii\framework\web\CController.php(782): ImageController->renderPartial()
#14 E:\Study\xampp\htdocs\occ\protected\controllers\ImageController.php(149): ImageController->render()
#15 E:\Study\xampp\yii\framework\web\actions\CInlineAction.php(49): ImageController->actionAdmin()
#16 E:\Study\xampp\yii\framework\web\CController.php(308): CInlineAction->runWithParams()
#17 E:\Study\xampp\yii\framework\web\filters\CFilterChain.php(133): ImageController->runAction()
#18 E:\Study\xampp\yii\framework\web\filters\CFilter.php(40): CFilterChain->run()
#19 E:\Study\xampp\yii\framework\web\CController.php(1145): CAccessControlFilter->filter()
#20 E:\Study\xampp\yii\framework\web\filters\CInlineFilter.php(58): ImageController->filterAccessControl()
#21 E:\Study\xampp\yii\framework\web\filters\CFilterChain.php(130): CInlineFilter->filter()
#22 E:\Study\xampp\yii\framework\web\CController.php(291): CFilterChain->run()
#23 E:\Study\xampp\yii\framework\web\CController.php(265): ImageController->runActionWithFilters()
#24 E:\Study\xampp\yii\framework\web\CWebApplication.php(282): ImageController->run()
#25 E:\Study\xampp\yii\framework\web\CWebApplication.php(141): CWebApplication->runController()
#26 E:\Study\xampp\yii\framework\base\CApplication.php(180): CWebApplication->processRequest()
#27 E:\Study\xampp\htdocs\occ\index.php(13): CWebApplication->run()
REQUEST_URI=/occ/index.php?r=image/admin
in E:\Study\xampp\htdocs\occ\protected\views\image\admin.php (65)
in E:\Study\xampp\htdocs\occ\protected\controllers\ImageController.php (149)
in E:\Study\xampp\htdocs\occ\index.php (13)
2013/11/04 16:58:14 [error] [exception.CException] exception 'CException' with message 'Property "CLinkColumn.name" is not defined.' in E:\Study\xampp\yii\framework\base\CComponent.php:173
Stack trace:
#0 E:\Study\xampp\yii\framework\YiiBase.php(220): CComponent->__set('name', 'imageUrl')
#1 E:\Study\xampp\yii\framework\zii\widgets\grid\CGridView.php(388): YiiBase::createComponent(Array, Object(CGridView))
#2 E:\Study\xampp\yii\framework\zii\widgets\grid\CGridView.php(359): CGridView->initColumns()
#3 E:\Study\xampp\yii\framework\web\CBaseController.php(147): CGridView->init()
#4 E:\Study\xampp\yii\framework\web\CBaseController.php(172): CBaseController->createWidget('zii.widgets.gri...', Array)
#5 E:\Study\xampp\htdocs\occ\protected\views\image\admin.php(66): CBaseController->widget('zii.widgets.gri...', Array)
#6 E:\Study\xampp\yii\framework\web\CBaseController.php(126): require('E:\Study\xampp\...')
#7 E:\Study\xampp\yii\framework\web\CBaseController.php(95): CBaseController->renderInternal('E:\Study\xampp\...', Array, true)
#8 E:\Study\xampp\yii\framework\web\CController.php(869): CBaseController->renderFile('E:\Study\xampp\...', Array, true)
#9 E:\Study\xampp\yii\framework\web\CController.php(782): CController->renderPartial('admin', Array, true)
#10 E:\Study\xampp\htdocs\occ\protected\controllers\ImageController.php(149): CController->render('admin', Array)
#11 E:\Study\xampp\yii\framework\web\actions\CInlineAction.php(49): ImageController->actionAdmin()
#12 E:\Study\xampp\yii\framework\web\CController.php(308): CInlineAction->runWithParams(Array)
#13 E:\Study\xampp\yii\framework\web\filters\CFilterChain.php(133): CController->runAction(Object(CInlineAction))
#14 E:\Study\xampp\yii\framework\web\filters\CFilter.php(40): CFilterChain->run()
#15 E:\Study\xampp\yii\framework\web\CController.php(1145): CFilter->filter(Object(CFilterChain))
#16 E:\Study\xampp\yii\framework\web\filters\CInlineFilter.php(58): CController->filterAccessControl(Object(CFilterChain))
#17 E:\Study\xampp\yii\framework\web\filters\CFilterChain.php(130): CInlineFilter->filter(Object(CFilterChain))
#18 E:\Study\xampp\yii\framework\web\CController.php(291): CFilterChain->run()
#19 E:\Study\xampp\yii\framework\web\CController.php(265): CController->runActionWithFilters(Object(CInlineAction), Array)
#20 E:\Study\xampp\yii\framework\web\CWebApplication.php(282): CController->run('admin')
#21 E:\Study\xampp\yii\framework\web\CWebApplication.php(141): CWebApplication->runController('image/admin')
#22 E:\Study\xampp\yii\framework\base\CApplication.php(180): CWebApplication->processRequest()
#23 E:\Study\xampp\htdocs\occ\index.php(13): CApplication->run()
#24 {main}
REQUEST_URI=/occ/index.php?r=image/admin
---
2013/11/05 15:04:04 [error] [exception.CException] exception 'CException' with message 'CustomerController cannot find the requested view "admin".' in E:\Study\xampp\yii\framework\web\CController.php:878
Stack trace:
#0 E:\Study\xampp\yii\framework\web\CController.php(782): CController->renderPartial('admin', Array, true)
#1 E:\Study\xampp\htdocs\occ\protected\controllers\CustomerController.php(143): CController->render('admin', Array)
#2 E:\Study\xampp\yii\framework\web\actions\CInlineAction.php(49): CustomerController->actionAdmin()
#3 E:\Study\xampp\yii\framework\web\CController.php(308): CInlineAction->runWithParams(Array)
#4 E:\Study\xampp\yii\framework\web\filters\CFilterChain.php(133): CController->runAction(Object(CInlineAction))
#5 E:\Study\xampp\yii\framework\web\filters\CFilter.php(40): CFilterChain->run()
#6 E:\Study\xampp\yii\framework\web\CController.php(1145): CFilter->filter(Object(CFilterChain))
#7 E:\Study\xampp\yii\framework\web\filters\CInlineFilter.php(58): CController->filterAccessControl(Object(CFilterChain))
#8 E:\Study\xampp\yii\framework\web\filters\CFilterChain.php(130): CInlineFilter->filter(Object(CFilterChain))
#9 E:\Study\xampp\yii\framework\web\CController.php(291): CFilterChain->run()
#10 E:\Study\xampp\yii\framework\web\CController.php(265): CController->runActionWithFilters(Object(CInlineAction), Array)
#11 E:\Study\xampp\yii\framework\web\CWebApplication.php(282): CController->run('admin')
#12 E:\Study\xampp\yii\framework\web\CWebApplication.php(141): CWebApplication->runController('customer/admin')
#13 E:\Study\xampp\yii\framework\base\CApplication.php(180): CWebApplication->processRequest()
#14 E:\Study\xampp\htdocs\occ\index.php(13): CApplication->run()
#15 {main}
REQUEST_URI=/occ/index.php?r=customer/admin
HTTP_REFERER=http://localhost:3030/occ/index.php?r=customer/
---
2013/11/26 16:48:44 [error] [exception.CException] exception 'CException' with message 'ProductController cannot find the requested view "admin".' in E:\Study\xampp\yii\framework\web\CController.php:878
Stack trace:
#0 E:\Study\xampp\yii\framework\web\CController.php(782): CController->renderPartial('admin', Array, true)
#1 E:\Study\xampp\htdocs\occ\protected\controllers\ProductController.php(210): CController->render('admin', Array)
#2 E:\Study\xampp\yii\framework\web\actions\CInlineAction.php(49): ProductController->actionAdmin()
#3 E:\Study\xampp\yii\framework\web\CController.php(308): CInlineAction->runWithParams(Array)
#4 E:\Study\xampp\yii\framework\web\filters\CFilterChain.php(133): CController->runAction(Object(CInlineAction))
#5 E:\Study\xampp\yii\framework\web\filters\CFilter.php(40): CFilterChain->run()
#6 E:\Study\xampp\yii\framework\web\CController.php(1145): CFilter->filter(Object(CFilterChain))
#7 E:\Study\xampp\yii\framework\web\filters\CInlineFilter.php(58): CController->filterAccessControl(Object(CFilterChain))
#8 E:\Study\xampp\yii\framework\web\filters\CFilterChain.php(130): CInlineFilter->filter(Object(CFilterChain))
#9 E:\Study\xampp\yii\framework\web\CController.php(291): CFilterChain->run()
#10 E:\Study\xampp\yii\framework\web\CController.php(265): CController->runActionWithFilters(Object(CInlineAction), Array)
#11 E:\Study\xampp\yii\framework\web\CWebApplication.php(282): CController->run('admin')
#12 E:\Study\xampp\yii\framework\web\CWebApplication.php(141): CWebApplication->runController('product/admin')
#13 E:\Study\xampp\yii\framework\base\CApplication.php(180): CWebApplication->processRequest()
#14 E:\Study\xampp\htdocs\occ\index.php(13): CApplication->run()
#15 {main}
REQUEST_URI=/occ/index.php?r=product/admin
HTTP_REFERER=http://localhost:3030/occ/index.php?r=site/login
---
2016/04/14 16:38:47 [error] [exception.CException] exception 'CException' with message 'CustomerController cannot find the requested view "view".' in E:\Study\xampp\yii\framework\web\CController.php:878
Stack trace:
#0 E:\Study\xampp\yii\framework\web\CController.php(782): CController->renderPartial('view', Array, true)
#1 E:\Study\xampp\htdocs\occ\protected\controllers\CustomerController.php(56): CController->render('view', Array)
#2 [internal function]: CustomerController->actionView('2')
#3 E:\Study\xampp\yii\framework\web\actions\CAction.php(108): ReflectionMethod->invokeArgs(Object(CustomerController), Array)
#4 E:\Study\xampp\yii\framework\web\actions\CInlineAction.php(47): CAction->runWithParamsInternal(Object(CustomerController), Object(ReflectionMethod), Array)
#5 E:\Study\xampp\yii\framework\web\CController.php(308): CInlineAction->runWithParams(Array)
#6 E:\Study\xampp\yii\framework\web\filters\CFilterChain.php(133): CController->runAction(Object(CInlineAction))
#7 E:\Study\xampp\yii\framework\web\filters\CFilter.php(40): CFilterChain->run()
#8 E:\Study\xampp\yii\framework\web\CController.php(1145): CFilter->filter(Object(CFilterChain))
#9 E:\Study\xampp\yii\framework\web\filters\CInlineFilter.php(58): CController->filterAccessControl(Object(CFilterChain))
#10 E:\Study\xampp\yii\framework\web\filters\CFilterChain.php(130): CInlineFilter->filter(Object(CFilterChain))
#11 E:\Study\xampp\yii\framework\web\CController.php(291): CFilterChain->run()
#12 E:\Study\xampp\yii\framework\web\CController.php(265): CController->runActionWithFilters(Object(CInlineAction), Array)
#13 E:\Study\xampp\yii\framework\web\CWebApplication.php(282): CController->run('view')
#14 E:\Study\xampp\yii\framework\web\CWebApplication.php(141): CWebApplication->runController('customer/view')
#15 E:\Study\xampp\yii\framework\base\CApplication.php(180): CWebApplication->processRequest()
#16 E:\Study\xampp\htdocs\occ\index.php(13): CApplication->run()
#17 {main}
REQUEST_URI=/occ/index.php?r=customer/view&id=2
HTTP_REFERER=http://localhost:7777/occ/index.php?r=product/index&view=product
---
2016/04/16 16:17:07 [error] [exception.CDbException] exception 'CDbException' with message 'CDbConnection failed to open the DB connection: SQLSTATE[HY000] [1049] Unknown database 'occ'' in E:\Study\xampp\yii\framework\db\CDbConnection.php:382
Stack trace:
#0 E:\Study\xampp\yii\framework\db\CDbConnection.php(330): CDbConnection->open()
#1 E:\Study\xampp\yii\framework\db\CDbConnection.php(308): CDbConnection->setActive(true)
#2 E:\Study\xampp\yii\framework\base\CModule.php(387): CDbConnection->init()
#3 E:\Study\xampp\yii\framework\base\CApplication.php(450): CModule->getComponent('db')
#4 E:\Study\xampp\yii\framework\db\ar\CActiveRecord.php(634): CApplication->getDb()
#5 E:\Study\xampp\yii\framework\db\ar\CActiveRecord.php(2361): CActiveRecord->getDbConnection()
#6 E:\Study\xampp\yii\framework\db\ar\CActiveRecord.php(411): CActiveRecordMetaData->__construct(Object(Product))
#7 E:\Study\xampp\yii\framework\db\ar\CActiveRecord.php(79): CActiveRecord->getMetaData()
#8 E:\Study\xampp\htdocs\occ\protected\controllers\backend\ProductController.php(201): CActiveRecord->__construct('search')
#9 E:\Study\xampp\yii\framework\web\actions\CInlineAction.php(49): ProductController->actionAdmin()
#10 E:\Study\xampp\yii\framework\web\CController.php(308): CInlineAction->runWithParams(Array)
#11 E:\Study\xampp\yii\framework\web\filters\CFilterChain.php(133): CController->runAction(Object(CInlineAction))
#12 E:\Study\xampp\yii\framework\web\filters\CFilter.php(40): CFilterChain->run()
#13 E:\Study\xampp\yii\framework\web\CController.php(1145): CFilter->filter(Object(CFilterChain))
#14 E:\Study\xampp\yii\framework\web\filters\CInlineFilter.php(58): CController->filterAccessControl(Object(CFilterChain))
#15 E:\Study\xampp\yii\framework\web\filters\CFilterChain.php(130): CInlineFilter->filter(Object(CFilterChain))
#16 E:\Study\xampp\yii\framework\web\CController.php(291): CFilterChain->run()
#17 E:\Study\xampp\yii\framework\web\CController.php(265): CController->runActionWithFilters(Object(CInlineAction), Array)
#18 E:\Study\xampp\yii\framework\web\CWebApplication.php(282): CController->run('admin')
#19 E:\Study\xampp\yii\framework\web\CWebApplication.php(141): CWebApplication->runController('product/admin')
#20 E:\Study\xampp\yii\framework\base\CApplication.php(180): CWebApplication->processRequest()
#21 E:\Study\xampp\htdocs\occ\protected\components\Admin.php(21): CApplication->run()
#22 [internal function]: Admin->load('backend')
#23 E:\Study\xampp\yii\framework\base\CComponent.php(261): call_user_func_array(Array, Array)
#24 E:\Study\xampp\htdocs\occ\admin.php(18): CComponent->__call('load', Array)
#25 E:\Study\xampp\htdocs\occ\admin.php(18): CWebApplication->load('backend')
#26 {main}
REQUEST_URI=/occ/admin.php?r=product/admin
---
2016/04/16 16:22:56 [error] [exception.CDbException] exception 'CDbException' with message 'CDbConnection failed to open the DB connection: SQLSTATE[HY000] [1049] Unknown database 'occ'' in E:\Study\xampp\yii\framework\db\CDbConnection.php:382
Stack trace:
#0 E:\Study\xampp\yii\framework\db\CDbConnection.php(330): CDbConnection->open()
#1 E:\Study\xampp\yii\framework\db\CDbConnection.php(308): CDbConnection->setActive(true)
#2 E:\Study\xampp\yii\framework\base\CModule.php(387): CDbConnection->init()
#3 E:\Study\xampp\yii\framework\base\CApplication.php(450): CModule->getComponent('db')
#4 E:\Study\xampp\yii\framework\db\ar\CActiveRecord.php(634): CApplication->getDb()
#5 E:\Study\xampp\yii\framework\db\ar\CActiveRecord.php(2361): CActiveRecord->getDbConnection()
#6 E:\Study\xampp\yii\framework\db\ar\CActiveRecord.php(411): CActiveRecordMetaData->__construct(Object(Product))
#7 E:\Study\xampp\yii\framework\db\ar\CActiveRecord.php(79): CActiveRecord->getMetaData()
#8 E:\Study\xampp\htdocs\occ\protected\controllers\backend\ProductController.php(201): CActiveRecord->__construct('search')
#9 E:\Study\xampp\yii\framework\web\actions\CInlineAction.php(49): ProductController->actionAdmin()
#10 E:\Study\xampp\yii\framework\web\CController.php(308): CInlineAction->runWithParams(Array)
#11 E:\Study\xampp\yii\framework\web\filters\CFilterChain.php(133): CController->runAction(Object(CInlineAction))
#12 E:\Study\xampp\yii\framework\web\filters\CFilter.php(40): CFilterChain->run()
#13 E:\Study\xampp\yii\framework\web\CController.php(1145): CFilter->filter(Object(CFilterChain))
#14 E:\Study\xampp\yii\framework\web\filters\CInlineFilter.php(58): CController->filterAccessControl(Object(CFilterChain))
#15 E:\Study\xampp\yii\framework\web\filters\CFilterChain.php(130): CInlineFilter->filter(Object(CFilterChain))
#16 E:\Study\xampp\yii\framework\web\CController.php(291): CFilterChain->run()
#17 E:\Study\xampp\yii\framework\web\CController.php(265): CController->runActionWithFilters(Object(CInlineAction), Array)
#18 E:\Study\xampp\yii\framework\web\CWebApplication.php(282): CController->run('admin')
#19 E:\Study\xampp\yii\framework\web\CWebApplication.php(141): CWebApplication->runController('product/admin')
#20 E:\Study\xampp\yii\framework\base\CApplication.php(180): CWebApplication->processRequest()
#21 E:\Study\xampp\htdocs\occ\protected\components\Admin.php(21): CApplication->run()
#22 [internal function]: Admin->load('backend')
#23 E:\Study\xampp\yii\framework\base\CComponent.php(261): call_user_func_array(Array, Array)
#24 E:\Study\xampp\htdocs\occ\admin.php(18): CComponent->__call('load', Array)
#25 E:\Study\xampp\htdocs\occ\admin.php(18): CWebApplication->load('backend')
#26 {main}
REQUEST_URI=/occ/admin.php?r=product/admin
---
